<?xml version="1.0" encoding="UTF-8"?>
<!-- Generated by org.testng.reporters.JUnitReportReporter -->
<testsuite hostname="aavn-ws-272" name="test.Test99GuruLogin" tests="1" failures="0" timestamp="14 Oct 2019 09:40:22 GMT" time="3.335" errors="0">
  <testcase name="test_Home_Page_Appear_Correct" time="3.335" classname="test.Test99GuruLogin"/>
</testsuite> <!-- test.Test99GuruLogin -->
