<?xml version="1.0" encoding="UTF-8"?>
<!-- Generated by org.testng.reporters.JUnitReportReporter -->
<testsuite hostname="aavn-ws-272" name="test.Test99GuruLoginWithPageFactory" tests="1" failures="0" timestamp="14 Oct 2019 10:16:28 GMT" time="3.348" errors="0">
  <testcase name="test_Home_Page_Appear_Correct" time="3.348" classname="test.Test99GuruLoginWithPageFactory"/>
</testsuite> <!-- test.Test99GuruLoginWithPageFactory -->
