<?xml version="1.0" encoding="UTF-8"?>
<!-- Generated by org.testng.reporters.JUnitReportReporter -->
<testsuite hostname="aavn-ws-272" name="test.Test99LoginWithPageFactory" tests="1" failures="0" timestamp="15 Oct 2019 03:41:33 GMT" time="3.070" errors="0">
  <testcase name="test_Home_Page_Appear_Correct" time="3.070" classname="test.Test99LoginWithPageFactory"/>
</testsuite> <!-- test.Test99LoginWithPageFactory -->
